Source files found: 91 
	source/sqlitebrowser-master/libs/antlr-2.7.7/src/ANTLRUtil.cpp
	source/sqlitebrowser-master/libs/antlr-2.7.7/src/ASTFactory.cpp
	source/sqlitebrowser-master/libs/antlr-2.7.7/src/ASTNULLType.cpp
	source/sqlitebrowser-master/libs/antlr-2.7.7/src/ASTRefCount.cpp
	source/sqlitebrowser-master/libs/antlr-2.7.7/src/BaseAST.cpp
	source/sqlitebrowser-master/libs/antlr-2.7.7/src/BitSet.cpp
	source/sqlitebrowser-master/libs/antlr-2.7.7/src/CharBuffer.cpp
	source/sqlitebrowser-master/libs/antlr-2.7.7/src/CharScanner.cpp
	source/sqlitebrowser-master/libs/antlr-2.7.7/src/CommonAST.cpp
	source/sqlitebrowser-master/libs/antlr-2.7.7/src/CommonASTWithHiddenTokens.cpp
	source/sqlitebrowser-master/libs/antlr-2.7.7/src/CommonHiddenStreamToken.cpp
	source/sqlitebrowser-master/libs/antlr-2.7.7/src/CommonToken.cpp
	source/sqlitebrowser-master/libs/antlr-2.7.7/src/dll.cpp
	source/sqlitebrowser-master/libs/antlr-2.7.7/src/InputBuffer.cpp
	source/sqlitebrowser-master/libs/antlr-2.7.7/src/LLkParser.cpp
	source/sqlitebrowser-master/libs/antlr-2.7.7/src/MismatchedCharException.cpp
	source/sqlitebrowser-master/libs/antlr-2.7.7/src/MismatchedTokenException.cpp
	source/sqlitebrowser-master/libs/antlr-2.7.7/src/NoViableAltException.cpp
	source/sqlitebrowser-master/libs/antlr-2.7.7/src/NoViableAltForCharException.cpp
	source/sqlitebrowser-master/libs/antlr-2.7.7/src/Parser.cpp
	source/sqlitebrowser-master/libs/antlr-2.7.7/src/RecognitionException.cpp
	source/sqlitebrowser-master/libs/antlr-2.7.7/src/String.cpp
	source/sqlitebrowser-master/libs/antlr-2.7.7/src/Token.cpp
	source/sqlitebrowser-master/libs/antlr-2.7.7/src/TokenBuffer.cpp
	source/sqlitebrowser-master/libs/antlr-2.7.7/src/TokenRefCount.cpp
	source/sqlitebrowser-master/libs/antlr-2.7.7/src/TokenStreamBasicFilter.cpp
	source/sqlitebrowser-master/libs/antlr-2.7.7/src/TokenStreamHiddenTokenFilter.cpp
	source/sqlitebrowser-master/libs/antlr-2.7.7/src/TokenStreamRewriteEngine.cpp
	source/sqlitebrowser-master/libs/antlr-2.7.7/src/TokenStreamSelector.cpp
	source/sqlitebrowser-master/libs/antlr-2.7.7/src/TreeParser.cpp
	source/sqlitebrowser-master/libs/qcustomplot-source/qcustomplot.cpp
	source/sqlitebrowser-master/libs/qhexedit/src/commands.cpp
	source/sqlitebrowser-master/libs/qhexedit/src/qhexedit.cpp
	source/sqlitebrowser-master/libs/qhexedit/src/qhexedit_p.cpp
	source/sqlitebrowser-master/libs/qhexedit/src/xbytearray.cpp
	source/sqlitebrowser-master/src/AboutDialog.cpp
	source/sqlitebrowser-master/src/Application.cpp
	source/sqlitebrowser-master/src/CipherDialog.cpp
	source/sqlitebrowser-master/src/CreateIndexDialog.cpp
	source/sqlitebrowser-master/src/csvparser.cpp
	source/sqlitebrowser-master/src/DbStructureModel.cpp
	source/sqlitebrowser-master/src/EditDialog.cpp
	source/sqlitebrowser-master/src/EditTableDialog.cpp
	source/sqlitebrowser-master/src/ExportCsvDialog.cpp
	source/sqlitebrowser-master/src/ExtendedTableWidget.cpp
	source/sqlitebrowser-master/src/FilterTableHeader.cpp
	source/sqlitebrowser-master/src/ImportCsvDialog.cpp
	source/sqlitebrowser-master/src/main.cpp
	source/sqlitebrowser-master/src/MainWindow.cpp
	source/sqlitebrowser-master/src/PreferencesDialog.cpp
	source/sqlitebrowser-master/src/SqlExecutionArea.cpp
	source/sqlitebrowser-master/src/sqlitedb.cpp
	source/sqlitebrowser-master/src/SQLiteSyntaxHighlighter.cpp
	source/sqlitebrowser-master/src/sqlitetablemodel.cpp
	source/sqlitebrowser-master/src/sqlitetypes.cpp
	source/sqlitebrowser-master/src/sqltextedit.cpp
	source/sqlitebrowser-master/src/VacuumDialog.cpp
	source/sqlitebrowser-master/src/grammar/Sqlite3Lexer.cpp
	source/sqlitebrowser-master/src/grammar/Sqlite3Parser.cpp
	source/sqlitebrowser-master/src/tests/TestImport.cpp
	source/sqlitebrowser-master/src/tests/TestMain.cpp
	source/sqlitebrowser-master/src/tests/testsqlobjects.cpp
	source/sqlitebrowser-master/libs/qcustomplot-source/qcustomplot.h
	source/sqlitebrowser-master/libs/qhexedit/src/commands.h
	source/sqlitebrowser-master/libs/qhexedit/src/qhexedit.h
	source/sqlitebrowser-master/libs/qhexedit/src/qhexedit_p.h
	source/sqlitebrowser-master/libs/qhexedit/src/xbytearray.h
	source/sqlitebrowser-master/src/AboutDialog.h
	source/sqlitebrowser-master/src/Application.h
	source/sqlitebrowser-master/src/CipherDialog.h
	source/sqlitebrowser-master/src/CreateIndexDialog.h
	source/sqlitebrowser-master/src/csvparser.h
	source/sqlitebrowser-master/src/DbStructureModel.h
	source/sqlitebrowser-master/src/EditDialog.h
	source/sqlitebrowser-master/src/EditTableDialog.h
	source/sqlitebrowser-master/src/ExportCsvDialog.h
	source/sqlitebrowser-master/src/ExtendedTableWidget.h
	source/sqlitebrowser-master/src/FilterTableHeader.h
	source/sqlitebrowser-master/src/ImportCsvDialog.h
	source/sqlitebrowser-master/src/MainWindow.h
	source/sqlitebrowser-master/src/PreferencesDialog.h
	source/sqlitebrowser-master/src/SqlExecutionArea.h
	source/sqlitebrowser-master/src/sqlite.h
	source/sqlitebrowser-master/src/sqlitedb.h
	source/sqlitebrowser-master/src/SQLiteSyntaxHighlighter.h
	source/sqlitebrowser-master/src/sqlitetablemodel.h
	source/sqlitebrowser-master/src/sqlitetypes.h
	source/sqlitebrowser-master/src/sqltextedit.h
	source/sqlitebrowser-master/src/VacuumDialog.h
	source/sqlitebrowser-master/src/tests/TestImport.h
	source/sqlitebrowser-master/src/tests/testsqlobjects.h
Xml files found: 91
	source/sqlitebrowser-master/libs/antlr-2.7.7/src/ANTLRUtil.cpp.xml
	source/sqlitebrowser-master/libs/antlr-2.7.7/src/ASTFactory.cpp.xml
	source/sqlitebrowser-master/libs/antlr-2.7.7/src/ASTNULLType.cpp.xml
	source/sqlitebrowser-master/libs/antlr-2.7.7/src/ASTRefCount.cpp.xml
	source/sqlitebrowser-master/libs/antlr-2.7.7/src/BaseAST.cpp.xml
	source/sqlitebrowser-master/libs/antlr-2.7.7/src/BitSet.cpp.xml
	source/sqlitebrowser-master/libs/antlr-2.7.7/src/CharBuffer.cpp.xml
	source/sqlitebrowser-master/libs/antlr-2.7.7/src/CharScanner.cpp.xml
	source/sqlitebrowser-master/libs/antlr-2.7.7/src/CommonAST.cpp.xml
	source/sqlitebrowser-master/libs/antlr-2.7.7/src/CommonASTWithHiddenTokens.cpp.xml
	source/sqlitebrowser-master/libs/antlr-2.7.7/src/CommonHiddenStreamToken.cpp.xml
	source/sqlitebrowser-master/libs/antlr-2.7.7/src/CommonToken.cpp.xml
	source/sqlitebrowser-master/libs/antlr-2.7.7/src/dll.cpp.xml
	source/sqlitebrowser-master/libs/antlr-2.7.7/src/InputBuffer.cpp.xml
	source/sqlitebrowser-master/libs/antlr-2.7.7/src/LLkParser.cpp.xml
	source/sqlitebrowser-master/libs/antlr-2.7.7/src/MismatchedCharException.cpp.xml
	source/sqlitebrowser-master/libs/antlr-2.7.7/src/MismatchedTokenException.cpp.xml
	source/sqlitebrowser-master/libs/antlr-2.7.7/src/NoViableAltException.cpp.xml
	source/sqlitebrowser-master/libs/antlr-2.7.7/src/NoViableAltForCharException.cpp.xml
	source/sqlitebrowser-master/libs/antlr-2.7.7/src/Parser.cpp.xml
	source/sqlitebrowser-master/libs/antlr-2.7.7/src/RecognitionException.cpp.xml
	source/sqlitebrowser-master/libs/antlr-2.7.7/src/String.cpp.xml
	source/sqlitebrowser-master/libs/antlr-2.7.7/src/Token.cpp.xml
	source/sqlitebrowser-master/libs/antlr-2.7.7/src/TokenBuffer.cpp.xml
	source/sqlitebrowser-master/libs/antlr-2.7.7/src/TokenRefCount.cpp.xml
	source/sqlitebrowser-master/libs/antlr-2.7.7/src/TokenStreamBasicFilter.cpp.xml
	source/sqlitebrowser-master/libs/antlr-2.7.7/src/TokenStreamHiddenTokenFilter.cpp.xml
	source/sqlitebrowser-master/libs/antlr-2.7.7/src/TokenStreamRewriteEngine.cpp.xml
	source/sqlitebrowser-master/libs/antlr-2.7.7/src/TokenStreamSelector.cpp.xml
	source/sqlitebrowser-master/libs/antlr-2.7.7/src/TreeParser.cpp.xml
	source/sqlitebrowser-master/libs/qcustomplot-source/qcustomplot.cpp.xml
	source/sqlitebrowser-master/libs/qcustomplot-source/qcustomplot.h.xml
	source/sqlitebrowser-master/libs/qhexedit/src/commands.cpp.xml
	source/sqlitebrowser-master/libs/qhexedit/src/commands.h.xml
	source/sqlitebrowser-master/libs/qhexedit/src/qhexedit.cpp.xml
	source/sqlitebrowser-master/libs/qhexedit/src/qhexedit.h.xml
	source/sqlitebrowser-master/libs/qhexedit/src/qhexedit_p.cpp.xml
	source/sqlitebrowser-master/libs/qhexedit/src/qhexedit_p.h.xml
	source/sqlitebrowser-master/libs/qhexedit/src/xbytearray.cpp.xml
	source/sqlitebrowser-master/libs/qhexedit/src/xbytearray.h.xml
	source/sqlitebrowser-master/src/AboutDialog.cpp.xml
	source/sqlitebrowser-master/src/AboutDialog.h.xml
	source/sqlitebrowser-master/src/Application.cpp.xml
	source/sqlitebrowser-master/src/Application.h.xml
	source/sqlitebrowser-master/src/CipherDialog.cpp.xml
	source/sqlitebrowser-master/src/CipherDialog.h.xml
	source/sqlitebrowser-master/src/CreateIndexDialog.cpp.xml
	source/sqlitebrowser-master/src/CreateIndexDialog.h.xml
	source/sqlitebrowser-master/src/csvparser.cpp.xml
	source/sqlitebrowser-master/src/csvparser.h.xml
	source/sqlitebrowser-master/src/DbStructureModel.cpp.xml
	source/sqlitebrowser-master/src/DbStructureModel.h.xml
	source/sqlitebrowser-master/src/EditDialog.cpp.xml
	source/sqlitebrowser-master/src/EditDialog.h.xml
	source/sqlitebrowser-master/src/EditTableDialog.cpp.xml
	source/sqlitebrowser-master/src/EditTableDialog.h.xml
	source/sqlitebrowser-master/src/ExportCsvDialog.cpp.xml
	source/sqlitebrowser-master/src/ExportCsvDialog.h.xml
	source/sqlitebrowser-master/src/ExtendedTableWidget.cpp.xml
	source/sqlitebrowser-master/src/ExtendedTableWidget.h.xml
	source/sqlitebrowser-master/src/FilterTableHeader.cpp.xml
	source/sqlitebrowser-master/src/FilterTableHeader.h.xml
	source/sqlitebrowser-master/src/ImportCsvDialog.cpp.xml
	source/sqlitebrowser-master/src/ImportCsvDialog.h.xml
	source/sqlitebrowser-master/src/main.cpp.xml
	source/sqlitebrowser-master/src/MainWindow.cpp.xml
	source/sqlitebrowser-master/src/MainWindow.h.xml
	source/sqlitebrowser-master/src/PreferencesDialog.cpp.xml
	source/sqlitebrowser-master/src/PreferencesDialog.h.xml
	source/sqlitebrowser-master/src/SqlExecutionArea.cpp.xml
	source/sqlitebrowser-master/src/SqlExecutionArea.h.xml
	source/sqlitebrowser-master/src/sqlite.h.xml
	source/sqlitebrowser-master/src/sqlitedb.cpp.xml
	source/sqlitebrowser-master/src/sqlitedb.h.xml
	source/sqlitebrowser-master/src/SQLiteSyntaxHighlighter.cpp.xml
	source/sqlitebrowser-master/src/SQLiteSyntaxHighlighter.h.xml
	source/sqlitebrowser-master/src/sqlitetablemodel.cpp.xml
	source/sqlitebrowser-master/src/sqlitetablemodel.h.xml
	source/sqlitebrowser-master/src/sqlitetypes.cpp.xml
	source/sqlitebrowser-master/src/sqlitetypes.h.xml
	source/sqlitebrowser-master/src/sqltextedit.cpp.xml
	source/sqlitebrowser-master/src/sqltextedit.h.xml
	source/sqlitebrowser-master/src/VacuumDialog.cpp.xml
	source/sqlitebrowser-master/src/VacuumDialog.h.xml
	source/sqlitebrowser-master/src/grammar/Sqlite3Lexer.cpp.xml
	source/sqlitebrowser-master/src/grammar/Sqlite3Parser.cpp.xml
	source/sqlitebrowser-master/src/tests/TestImport.cpp.xml
	source/sqlitebrowser-master/src/tests/TestImport.h.xml
	source/sqlitebrowser-master/src/tests/TestMain.cpp.xml
	source/sqlitebrowser-master/src/tests/testsqlobjects.cpp.xml
	source/sqlitebrowser-master/src/tests/testsqlobjects.h.xml
